<?xml version="1.0" encoding="UTF-8"?>
<!-- Generated by org.testng.reporters.JUnitReportReporter -->
<testsuite skipped="0" hostname="DESKTOP-6R231H0" name="com.testcases.GuruLoginTest" tests="1" failures="0" timestamp="24 Jun 2020 14:43:32 GMT" time="3.892" errors="0">
  <testcase name="guruLoginAction" time="3.892" classname="com.testcases.GuruLoginTest"/>
</testsuite> <!-- com.testcases.GuruLoginTest -->
