<?xml version="1.0" encoding="UTF-8"?>
<!-- Generated by org.testng.reporters.JUnitReportReporter -->
<testsuite skipped="0" hostname="DESKTOP-6R231H0" name="com.testcases.GuruNewCustomerTest" tests="1" failures="0" timestamp="24 Jun 2020 14:43:32 GMT" time="7.879" errors="0">
  <testcase name="Guru99NewCustomerAction" time="7.879" classname="com.testcases.GuruNewCustomerTest"/>
</testsuite> <!-- com.testcases.GuruNewCustomerTest -->
